# ivector-plda-scoring --normalize-length=true --num-utts=ark:exp/xvectors_train_20000/num_utts.ark "ivector-copy-plda --smoothing=0.0 exp/xvectors_train_20000/plda - |" "ark:ivector-mean ark:data/train_20000/spk2utt scp:exp/xvectors_train_20000/vector.scp ark:- | ivector-subtract-global-mean exp/xvectors_train_20000/mean.vec ark:- ark:- | transform-vec exp/xvectors_train_20000/transform.mat ark:- ark:- | ivector-normalize-length ark:- ark:- |" "ark:ivector-subtract-global-mean exp/xvectors_train_20000/mean.vec scp:exp/xvectors_test_20000/vector.scp ark:- | transform-vec exp/xvectors_train_20000/transform.mat ark:- ark:- | ivector-normalize-length ark:- ark:- |" "cat data/test_20000/trials | cut -d\  --fields=1,2 |" exp/scores/plda_scores 
# Started at Sun Aug 29 20:44:50 UTC 2021
#
ivector-plda-scoring --normalize-length=true --num-utts=ark:exp/xvectors_train_20000/num_utts.ark 'ivector-copy-plda --smoothing=0.0 exp/xvectors_train_20000/plda - |' 'ark:ivector-mean ark:data/train_20000/spk2utt scp:exp/xvectors_train_20000/vector.scp ark:- | ivector-subtract-global-mean exp/xvectors_train_20000/mean.vec ark:- ark:- | transform-vec exp/xvectors_train_20000/transform.mat ark:- ark:- | ivector-normalize-length ark:- ark:- |' 'ark:ivector-subtract-global-mean exp/xvectors_train_20000/mean.vec scp:exp/xvectors_test_20000/vector.scp ark:- | transform-vec exp/xvectors_train_20000/transform.mat ark:- ark:- | ivector-normalize-length ark:- ark:- |' 'cat data/test_20000/trials | cut -d\  --fields=1,2 |' exp/scores/plda_scores 
ivector-copy-plda --smoothing=0.0 exp/xvectors_train_20000/plda - 
ivector-mean ark:data/train_20000/spk2utt scp:exp/xvectors_train_20000/vector.scp ark:- 
transform-vec exp/xvectors_train_20000/transform.mat ark:- ark:- 
ivector-subtract-global-mean exp/xvectors_train_20000/mean.vec ark:- ark:- 
ivector-normalize-length ark:- ark:- 
ivector-subtract-global-mean exp/xvectors_train_20000/mean.vec scp:exp/xvectors_test_20000/vector.scp ark:- 
ivector-normalize-length ark:- ark:- 
transform-vec exp/xvectors_train_20000/transform.mat ark:- ark:- 
LOG (ivector-plda-scoring[5.5.0~1-2b62]:main():ivector-plda-scoring.cc:96) Reading train iVectors
LOG (ivector-mean[5.5.0~1-2b62]:main():ivector-mean.cc:134) Computed mean of 22 speakers (0 with no utterances), consisting of 391946 utterances (0 absent from input).
LOG (ivector-mean[5.5.0~1-2b62]:main():ivector-mean.cc:145) Norm of mean of speakers is 49.0587, root-mean-square speaker-iVector length divided by sqrt(dim) is 2.66644
LOG (ivector-subtract-global-mean[5.5.0~1-2b62]:main():ivector-subtract-global-mean.cc:108) Wrote 22 mean-subtracted iVectors
LOG (transform-vec[5.5.0~1-2b62]:main():transform-vec.cc:85) Applied transform to 22 vectors.
LOG (ivector-normalize-length[5.5.0~1-2b62]:main():ivector-normalize-length.cc:90) Processed 22 iVectors.
LOG (ivector-normalize-length[5.5.0~1-2b62]:main():ivector-normalize-length.cc:94) Average ratio of iVector to expected length was 0.838164, standard deviation was 0.262916
LOG (ivector-plda-scoring[5.5.0~1-2b62]:main():ivector-plda-scoring.cc:122) Read 22 training iVectors, errors on 0
LOG (ivector-plda-scoring[5.5.0~1-2b62]:main():ivector-plda-scoring.cc:126) Average renormalization scale on training iVectors was 0.644765
LOG (ivector-plda-scoring[5.5.0~1-2b62]:main():ivector-plda-scoring.cc:129) Reading test iVectors
LOG (ivector-subtract-global-mean[5.5.0~1-2b62]:main():ivector-subtract-global-mean.cc:108) Wrote 2220 mean-subtracted iVectors
LOG (transform-vec[5.5.0~1-2b62]:main():transform-vec.cc:85) Applied transform to 2220 vectors.
LOG (ivector-normalize-length[5.5.0~1-2b62]:main():ivector-normalize-length.cc:90) Processed 2220 iVectors.
LOG (ivector-normalize-length[5.5.0~1-2b62]:main():ivector-normalize-length.cc:94) Average ratio of iVector to expected length was 1.17082, standard deviation was 0.404024
LOG (ivector-plda-scoring[5.5.0~1-2b62]:main():ivector-plda-scoring.cc:147) Read 2220 test iVectors.
LOG (ivector-plda-scoring[5.5.0~1-2b62]:main():ivector-plda-scoring.cc:150) Average renormalization scale on test iVectors was 1.00275
LOG (ivector-plda-scoring[5.5.0~1-2b62]:main():ivector-plda-scoring.cc:214) Mean score was -9.83578, standard deviation was 7.01053
LOG (ivector-plda-scoring[5.5.0~1-2b62]:main():ivector-plda-scoring.cc:217) Processed 48840 trials, 0 had errors.
# Accounting: time=3 threads=1
# Ended (code 0) at Sun Aug 29 20:44:53 UTC 2021, elapsed time 3 seconds
